TN:
SF:src\feature\user\lib\password-encrypt\password-encrypt.ts
FN:3,_default
FNF:1
FNH:0
FNDA:0,_default
DA:1,1
DA:2,1
DA:3,1
DA:4,0
DA:5,0
LF:5
LH:3
BRF:0
BRH:0
end_of_record
TN:
SF:src\feature\user\model\user\user.ts
FNF:0
FNH:0
DA:1,1
DA:2,1
DA:3,1
DA:4,1
DA:5,1
DA:6,1
DA:7,1
DA:8,1
DA:9,1
DA:10,1
DA:11,1
DA:12,1
DA:13,1
DA:14,1
DA:15,1
DA:16,1
DA:17,1
DA:18,1
DA:19,1
DA:20,1
DA:21,1
DA:22,1
DA:23,1
DA:24,1
DA:25,1
DA:26,1
DA:27,1
DA:28,1
DA:29,1
DA:30,1
DA:31,1
DA:32,1
DA:33,1
LF:33
LH:33
BRF:0
BRH:0
end_of_record
TN:
SF:src\feature\user\route\add\add.ts
FN:11,handler
FN:26,passwordValidation
FN:34,passwordEncryption
FN:36,_default
FNF:4
FNH:1
FNDA:0,handler
FNDA:0,passwordValidation
FNDA:0,passwordEncryption
FNDA:1,_default
DA:1,1
DA:2,1
DA:3,1
DA:4,1
DA:5,1
DA:6,1
DA:7,1
DA:8,1
DA:9,1
DA:10,1
DA:11,1
DA:12,0
DA:13,0
DA:14,0
DA:15,0
DA:16,0
DA:17,0
DA:18,0
DA:19,0
DA:20,0
DA:21,0
DA:22,0
DA:23,1
DA:24,1
DA:25,1
DA:26,1
DA:27,0
DA:28,0
DA:29,0
DA:30,0
DA:31,0
DA:32,0
DA:33,1
DA:34,1
DA:35,1
DA:36,1
DA:37,1
DA:38,1
DA:39,1
DA:40,1
DA:41,1
DA:42,1
DA:43,1
DA:44,1
DA:45,1
DA:46,1
DA:47,1
LF:47
LH:30
BRDA:36,0,0,1
BRF:1
BRH:1
end_of_record
TN:
SF:src\feature\user\route\add\add.type.ts
FNF:0
FNH:0
DA:1,1
DA:2,1
DA:3,1
DA:4,1
DA:5,1
DA:6,1
DA:7,1
DA:8,1
DA:9,1
DA:10,1
DA:11,1
LF:11
LH:11
BRDA:9,0,0,1
BRF:1
BRH:1
end_of_record
TN:
SF:src\plugin\database\database.ts
FNF:0
FNH:0
DA:1,1
DA:2,1
DA:3,1
DA:4,1
DA:5,1
DA:6,1
DA:7,1
DA:8,1
DA:9,1
DA:10,1
DA:11,1
DA:12,1
DA:13,1
DA:14,1
DA:15,1
DA:16,1
LF:16
LH:16
BRF:0
BRH:0
end_of_record
TN:
SF:src\shared\lib\route\router-module\router-module.ts
FN:3,routerModule
FNF:1
FNH:1
FNDA:1,routerModule
DA:1,1
DA:2,1
DA:3,1
DA:4,1
DA:5,1
DA:6,1
DA:7,1
DA:8,1
LF:8
LH:8
BRDA:3,0,0,1
BRDA:5,1,0,1
BRF:2
BRH:2
end_of_record
TN:
SF:src\shared\middleware\validation\validation.ts
FN:4,_default
FNF:1
FNH:1
FNDA:1,_default
DA:1,1
DA:2,1
DA:3,1
DA:4,1
DA:5,1
DA:6,0
DA:7,0
DA:8,0
DA:9,0
DA:10,0
DA:11,0
DA:12,0
DA:13,1
LF:13
LH:6
BRDA:4,0,0,1
BRF:1
BRH:1
end_of_record
